<?xml version="1.0" encoding="UTF-8"?>
<testsuite xmlns:xsi="http://www.w3.org/2001/XMLSchema-instance" xsi:noNamespaceSchemaLocation="https://maven.apache.org/surefire/maven-surefire-plugin/xsd/surefire-test-report.xsd" version="3.0.2" name="com.example.HelloWorld.HelloWorldApplicationTests" time="12.912" tests="1" errors="0" skipped="0" failures="0">
  <properties>
[...]
</properties>
  <testcase name="contextLoads" classname="com.example.HelloWorld.HelloWorldApplicationTests" time="0.774">
    <system-out><![CDATA[20:32:53.976 [main] INFO org.springframework.test.context.support.AnnotationConfigContextLoaderUtils -- Could not detect default configuration classes for test class [com.example.HelloWorld.HelloWorldApplicationTests]: HelloWorldApplicationTests does not declare any static, non-private, non-final, nested classes annotated with @Configuration.
20:32:54.316 [main] INFO org.springframework.boot.test.context.SpringBootTestContextBootstrapper -- Found @SpringBootConfiguration com.example.HelloWorld.HelloWorldApplication for test class com.example.HelloWorld.HelloWorldApplicationTests
20:32:54.860 [main] INFO org.springframework.boot.devtools.restart.RestartApplicationListener -- Restart disabled due to context in which it is running

  .   ____          _            __ _ _
 /\\ / ___'_ __ _ _(_)_ __  __ _ \ \ \ \
( ( )\___ | '_ | '_| | '_ \/ _` | \ \ \ \
 \\/  ___)| |_)| | | | | || (_| |  ) ) ) )
  '  |____| .__|_| |_|_| |_\__, | / / / /
 =========|_|==============|___/=/_/_/_/

 :: Spring Boot ::                (v3.5.4)

2025-07-26T20:32:55.656+05:30  INFO 13256 --- [HelloWorld] [           main] c.e.H.HelloWorldApplicationTests         : Starting HelloWorldApplicationTests using Java 17.0.10 with PID 13256 (started by Venkatesh in C:\Users\Venkatesh\Desktop\HelloWorld)
2025-07-26T20:32:55.663+05:30  INFO 13256 --- [HelloWorld] [           main] c.e.H.HelloWorldApplicationTests         : No active profile set, falling back to 1 default profile: "default"
2025-07-26T20:32:57.031+05:30  INFO 13256 --- [HelloWorld] [           main] .s.d.r.c.RepositoryConfigurationDelegate : Bootstrapping Spring Data JPA repositories in DEFAULT mode.
2025-07-26T20:32:57.178+05:30  INFO 13256 --- [HelloWorld] [           main] .s.d.r.c.RepositoryConfigurationDelegate : Finished Spring Data repository scanning in 116 ms. Found 1 JPA repository interface.
2025-07-26T20:32:59.030+05:30  INFO 13256 --- [HelloWorld] [           main] com.zaxxer.hikari.HikariDataSource       : HikariPool-1 - Starting...
2025-07-26T20:32:59.515+05:30  INFO 13256 --- [HelloWorld] [           main] com.zaxxer.hikari.pool.HikariPool        : HikariPool-1 - Added connection conn0: url=jdbc:h2:mem:fd7f3d78-f1a6-47cf-a06d-a3b5e83bfaed user=SA
2025-07-26T20:32:59.522+05:30  INFO 13256 --- [HelloWorld] [           main] com.zaxxer.hikari.HikariDataSource       : HikariPool-1 - Start completed.
2025-07-26T20:32:59.666+05:30  INFO 13256 --- [HelloWorld] [           main] o.hibernate.jpa.internal.util.LogHelper  : HHH000204: Processing PersistenceUnitInfo [name: default]
2025-07-26T20:32:59.867+05:30  INFO 13256 --- [HelloWorld] [           main] org.hibernate.Version                    : HHH000412: Hibernate ORM core version 6.6.22.Final
2025-07-26T20:32:59.979+05:30  INFO 13256 --- [HelloWorld] [           main] o.h.c.internal.RegionFactoryInitiator    : HHH000026: Second-level cache disabled
2025-07-26T20:33:00.922+05:30  INFO 13256 --- [HelloWorld] [           main] o.s.o.j.p.SpringPersistenceUnitInfo      : No LoadTimeWeaver setup: ignoring JPA class transformer
2025-07-26T20:33:01.316+05:30  INFO 13256 --- [HelloWorld] [           main] org.hibernate.orm.connections.pooling    : HHH10001005: Database info:
	Database JDBC URL [Connecting through datasource 'HikariDataSource (HikariPool-1)']
	Database driver: undefined/unknown
	Database version: 2.3.232
	Autocommit mode: undefined/unknown
	Isolation level: undefined/unknown
	Minimum pool size: undefined/unknown
	Maximum pool size: undefined/unknown
2025-07-26T20:33:03.717+05:30  INFO 13256 --- [HelloWorld] [           main] o.h.e.t.j.p.i.JtaPlatformInitiator       : HHH000489: No JTA platform available (set 'hibernate.transaction.jta.platform' to enable JTA platform integration)
2025-07-26T20:33:03.809+05:30  INFO 13256 --- [HelloWorld] [           main] j.LocalContainerEntityManagerFactoryBean : Initialized JPA EntityManagerFactory for persistence unit 'default'
2025-07-26T20:33:04.729+05:30  WARN 13256 --- [HelloWorld] [           main] JpaBaseConfiguration$JpaWebConfiguration : spring.jpa.open-in-view is enabled by default. Therefore, database queries may be performed during view rendering. Explicitly configure spring.jpa.open-in-view to disable this warning
2025-07-26T20:33:05.629+05:30  INFO 13256 --- [HelloWorld] [           main] c.e.H.HelloWorldApplicationTests         : Started HelloWorldApplicationTests in 10.809 seconds (process running for 14.026)
]]></system-out>
  </testcase>
</testsuite>